[2023-03-01 20:59:19,975] Register - Step 01: Navigate to 'Register' page
[2023-03-01 20:59:21,692] Register - Step 02: Enter to Firstname textbox with value is 'Automation'
[2023-03-01 20:59:21,808] Register - Step 03: Enter to Lastname textbox with value is 'FC'
[2023-03-01 20:59:21,862] Register - Step 04: Enter to Email textbox with value is 'afc2839@mail.vn'
[2023-03-01 20:59:21,916] Register - Step 05: Enter to Password textbox with value is '123456'
[2023-03-01 20:59:21,973] Register - Step 06: Enter to Confirm Password textbox with value is '123456'
[2023-03-01 20:59:22,036] Register - Step 07: Click to 'Register' button
[2023-03-01 20:59:23,390] Register - Step 08: Verify register success message is displayed
[2023-03-01 20:59:23,438] Login - Step 01: Navigate to login page
[2023-03-01 20:59:24,663] Login - Step 02: Enter to Email textbox with value is 'afc2839@mail.vn'
[2023-03-01 20:59:24,749] Login - Step 03: Enter to Password textbox with value is '123456'
[2023-03-01 20:59:24,808] Login - Step 04: Click to Login button
[2023-03-01 20:59:27,599] Login - Step 05: Verify 'My Account' link is displayed
[2023-03-01 20:59:27,692] Login - Step 06: Navigate to 'My Account' page
[2023-03-01 20:59:28,238] Login - Step 07: Verify 'Customer Infor' page is displayed
[2023-03-01 21:35:22,624] Register - Step 01: Navigate to 'Register' page
[2023-03-01 21:35:23,906] Register - Step 02: Enter to Firstname textbox with value is 'Automation'
[2023-03-01 21:35:24,012] Register - Step 03: Enter to Lastname textbox with value is 'FC'
[2023-03-01 21:35:24,066] Register - Step 04: Enter to Email textbox with value is 'afc1355@mail.vn'
[2023-03-01 21:35:24,124] Register - Step 05: Enter to Password textbox with value is '123456'
[2023-03-01 21:35:24,196] Register - Step 06: Enter to Confirm Password textbox with value is '123456'
[2023-03-01 21:35:24,261] Register - Step 07: Click to 'Register' button
[2023-03-01 21:35:25,227] Register - Step 08: Verify register success message is displayed
[2023-03-01 21:35:25,315]  -------------------------- FAILED -------------------------- 
[2023-03-01 21:35:25,323] Login - Step 01: Navigate to login page
[2023-03-01 21:35:25,831] Login - Step 02: Enter to Email textbox with value is 'afc1355@mail.vn'
[2023-03-01 21:35:25,929] Login - Step 03: Enter to Password textbox with value is '123456'
[2023-03-01 21:35:25,996] Login - Step 04: Click to Login button
[2023-03-01 21:35:27,045] Login - Step 05: Verify 'My Account' link is displayed
[2023-03-01 21:35:27,182]  -------------------------- FAILED -------------------------- 
[2023-03-01 21:35:27,182] Login - Step 06: Navigate to 'My Account' page
[2023-03-01 21:35:27,634] Login - Step 07: Verify 'Customer Infor' page is displayed
[2023-03-01 21:35:27,703]  -------------------------- FAILED -------------------------- 
[2023-03-01 22:01:35,904] Register - Step 01: Navigate to 'Register' page
[2023-03-01 22:01:39,792] Register - Step 02: Enter to Firstname textbox with value is 'Automation'
[2023-03-01 22:01:40,053] Register - Step 03: Enter to Lastname textbox with value is 'FC'
[2023-03-01 22:01:40,117] Register - Step 04: Enter to Email textbox with value is 'afc116@mail.vn'
[2023-03-01 22:01:40,182] Register - Step 05: Enter to Password textbox with value is '123456'
[2023-03-01 22:01:40,239] Register - Step 06: Enter to Confirm Password textbox with value is '123456'
[2023-03-01 22:01:40,302] Register - Step 07: Click to 'Register' button
[2023-03-01 22:01:41,171] Register - Step 08: Verify register success message is displayed
[2023-03-01 22:01:41,292]  -------------------------- FAILED -------------------------- 
[2023-03-01 22:01:41,296] Login - Step 01: Navigate to login page
[2023-03-01 22:01:41,835] Login - Step 02: Enter to Email textbox with value is 'afc116@mail.vn'
[2023-03-01 22:01:41,933] Login - Step 03: Enter to Password textbox with value is '123456'
[2023-03-01 22:01:41,997] Login - Step 04: Click to Login button
[2023-03-01 22:01:42,820] Login - Step 05: Verify 'My Account' link is displayed
[2023-03-01 22:01:42,905]  -------------------------- FAILED -------------------------- 
[2023-03-01 22:01:42,905] Login - Step 06: Navigate to 'My Account' page
[2023-03-01 22:01:43,442] Login - Step 07: Verify 'Customer Infor' page is displayed
[2023-03-01 22:01:43,576]  -------------------------- FAILED -------------------------- 
[2023-03-01 22:09:02,432] Register - Step 01: Navigate to 'Register' page
[2023-03-01 22:09:04,016] Register - Step 02: Enter to Firstname textbox with value is 'Automation'
[2023-03-01 22:09:04,122] Register - Step 03: Enter to Lastname textbox with value is 'FC'
[2023-03-01 22:09:04,183] Register - Step 04: Enter to Email textbox with value is 'afc1027@mail.vn'
[2023-03-01 22:09:04,239] Register - Step 05: Enter to Password textbox with value is '123456'
[2023-03-01 22:09:04,304] Register - Step 06: Enter to Confirm Password textbox with value is '123456'
[2023-03-01 22:09:04,381] Register - Step 07: Click to 'Register' button
[2023-03-01 22:09:06,401] Register - Step 08: Verify register success message is displayed
[2023-03-01 22:09:06,472]  -------------------------- FAILED -------------------------- 
[2023-03-01 22:09:06,476] Login - Step 01: Navigate to login page
[2023-03-01 22:43:30,980] Register - Step 01: Navigate to 'Register' page
[2023-03-01 22:43:32,039] Register - Step 02: Enter to Firstname textbox with value is 'Automation'
[2023-03-01 22:43:32,171] Register - Step 03: Enter to Lastname textbox with value is 'FC'
[2023-03-01 22:43:32,246] Register - Step 04: Enter to Email textbox with value is 'afc7992@mail.vn'
[2023-03-01 22:43:32,307] Register - Step 05: Enter to Password textbox with value is '123456'
[2023-03-01 22:43:32,363] Register - Step 06: Enter to Confirm Password textbox with value is '123456'
[2023-03-01 22:43:32,432] Register - Step 07: Click to 'Register' button
[2023-03-01 22:43:33,122] Register - Step 08: Verify register success message is displayed
[2023-03-01 22:43:33,215]  -------------------------- FAILED -------------------------- 
[2023-03-01 22:43:33,219] Login - Step 01: Navigate to login page
[2023-03-01 22:43:33,805] Login - Step 02: Enter to Email textbox with value is 'afc7992@mail.vn'
[2023-03-01 22:43:33,907] Login - Step 03: Enter to Password textbox with value is '123456'
[2023-03-01 22:43:33,962] Login - Step 04: Click to Login button
[2023-03-01 22:43:34,796] Login - Step 05: Verify 'My Account' link is displayed
[2023-03-01 22:43:34,883]  -------------------------- FAILED -------------------------- 
[2023-03-01 22:43:34,883] Login - Step 06: Navigate to 'My Account' page
[2023-03-01 22:43:35,415] Login - Step 07: Verify 'Customer Infor' page is displayed
[2023-03-01 22:43:35,517]  -------------------------- FAILED -------------------------- 
[2023-03-01 22:44:47,796] Register - Step 01: Navigate to 'Register' page
[2023-03-01 22:44:48,854] Register - Step 02: Enter to Firstname textbox with value is 'Automation'
[2023-03-01 22:44:48,959] Register - Step 03: Enter to Lastname textbox with value is 'FC'
[2023-03-01 22:44:49,020] Register - Step 04: Enter to Email textbox with value is 'afc6395@mail.vn'
[2023-03-01 22:44:49,086] Register - Step 05: Enter to Password textbox with value is '123456'
[2023-03-01 22:44:49,157] Register - Step 06: Enter to Confirm Password textbox with value is '123456'
[2023-03-01 22:44:49,216] Register - Step 07: Click to 'Register' button
[2023-03-01 22:44:49,972] Register - Step 08: Verify register success message is displayed
[2023-03-01 22:44:50,046]  -------------------------- FAILED -------------------------- 
[2023-03-01 22:44:50,049] Login - Step 01: Navigate to login page
[2023-03-01 22:44:50,501] Login - Step 02: Enter to Email textbox with value is 'afc6395@mail.vn'
[2023-03-01 22:44:50,591] Login - Step 03: Enter to Password textbox with value is '123456'
[2023-03-01 22:44:50,647] Login - Step 04: Click to Login button
[2023-03-01 22:44:51,424] Login - Step 05: Verify 'My Account' link is displayed
[2023-03-01 22:44:51,475]  -------------------------- FAILED -------------------------- 
[2023-03-01 22:44:51,475] Login - Step 06: Navigate to 'My Account' page
[2023-03-01 22:44:51,909] Login - Step 07: Verify 'Customer Infor' page is displayed
[2023-03-01 22:44:51,959]  -------------------------- FAILED -------------------------- 
[2023-03-01 22:46:22,296] Register - Step 01: Navigate to 'Register' page
[2023-03-01 22:46:23,544] Register - Step 02: Enter to Firstname textbox with value is 'Automation'
[2023-03-01 22:46:23,658] Register - Step 03: Enter to Lastname textbox with value is 'FC'
[2023-03-01 22:46:23,713] Register - Step 04: Enter to Email textbox with value is 'afc9269@mail.vn'
[2023-03-01 22:46:23,764] Register - Step 05: Enter to Password textbox with value is '123456'
[2023-03-01 22:46:23,834] Register - Step 06: Enter to Confirm Password textbox with value is '123456'
[2023-03-01 22:46:23,886] Register - Step 07: Click to 'Register' button
[2023-03-01 22:46:24,692] Register - Step 08: Verify register success message is displayed
[2023-03-01 22:46:24,765]  -------------------------- FAILED -------------------------- 
[2023-03-01 22:46:24,768] Login - Step 01: Navigate to login page
[2023-03-01 22:46:25,246] Login - Step 02: Enter to Email textbox with value is 'afc9269@mail.vn'
[2023-03-01 22:46:25,354] Login - Step 03: Enter to Password textbox with value is '123456'
[2023-03-01 22:46:25,424] Login - Step 04: Click to Login button
[2023-03-01 22:46:26,282] Login - Step 05: Verify 'My Account' link is displayed
[2023-03-01 22:46:26,328]  -------------------------- FAILED -------------------------- 
[2023-03-01 22:46:26,328] Login - Step 06: Navigate to 'My Account' page
[2023-03-01 22:46:26,951] Login - Step 07: Verify 'Customer Infor' page is displayed
[2023-03-01 22:46:27,023]  -------------------------- FAILED -------------------------- 
[2023-03-01 22:47:13,228] Register - Step 01: Navigate to 'Register' page
[2023-03-01 22:47:15,647] Register - Step 02: Enter to Firstname textbox with value is 'Automation'
[2023-03-01 22:47:16,687] Register - Step 03: Enter to Lastname textbox with value is 'FC'
[2023-03-01 22:47:17,030] Register - Step 04: Enter to Email textbox with value is 'afc1828@mail.vn'
[2023-03-01 22:47:17,668] Register - Step 05: Enter to Password textbox with value is '123456'
[2023-03-01 22:47:18,063] Register - Step 06: Enter to Confirm Password textbox with value is '123456'
[2023-03-01 22:47:18,418] Register - Step 07: Click to 'Register' button
[2023-03-01 22:47:20,068] Register - Step 08: Verify register success message is displayed
[2023-03-01 22:47:20,125]  -------------------------- FAILED -------------------------- 
[2023-03-01 22:47:20,127] Login - Step 01: Navigate to login page
[2023-03-01 22:47:20,662] Login - Step 02: Enter to Email textbox with value is 'afc1828@mail.vn'
[2023-03-01 22:47:20,762] Login - Step 03: Enter to Password textbox with value is '123456'
[2023-03-01 22:47:20,867] Login - Step 04: Click to Login button
[2023-03-01 22:47:21,642] Login - Step 05: Verify 'My Account' link is displayed
[2023-03-01 22:47:21,757]  -------------------------- FAILED -------------------------- 
[2023-03-01 22:47:21,757] Login - Step 06: Navigate to 'My Account' page
[2023-03-01 22:47:22,349] Login - Step 07: Verify 'Customer Infor' page is displayed
[2023-03-01 22:47:22,384]  -------------------------- FAILED -------------------------- 
[2023-03-02 21:35:30,020] Register - Step 01: Navigate to 'Register' page
[2023-03-02 21:35:33,989] Register - Step 02: Enter to Firstname textbox with value is 'Automation'
[2023-03-02 21:35:35,002] Register - Step 03: Enter to Lastname textbox with value is 'FC'
[2023-03-02 21:35:35,195] Register - Step 04: Enter to Email textbox with value is 'afc4145@mail.vn'
[2023-03-02 21:35:36,016] Register - Step 05: Enter to Password textbox with value is '123456'
[2023-03-02 21:35:36,379] Register - Step 06: Enter to Confirm Password textbox with value is '123456'
[2023-03-02 21:35:36,755] Register - Step 07: Click to 'Register' button
[2023-03-02 21:35:38,455] Register - Step 08: Verify register success message is displayed
[2023-03-02 21:35:38,504]  -------------------------- FAILED -------------------------- 
[2023-03-02 21:35:38,932] Login - Step 01: Navigate to login page
[2023-03-02 21:35:42,266] Login - Step 02: Enter to Email textbox with value is 'afc4145@mail.vn'
[2023-03-02 21:35:42,363] Login - Step 03: Enter to Password textbox with value is '123456'
[2023-03-02 21:35:42,466] Login - Step 04: Click to Login button
[2023-03-02 21:35:43,547] Login - Step 05: Verify 'My Account' link is displayed
[2023-03-02 21:35:43,622]  -------------------------- FAILED -------------------------- 
[2023-03-02 21:35:43,622] Login - Step 06: Navigate to 'My Account' page
[2023-03-02 21:35:45,289] Login - Step 07: Verify 'Customer Infor' page is displayed
[2023-03-02 21:35:45,325]  -------------------------- FAILED -------------------------- 
[2023-03-02 21:55:29,366] Register - Step 01: Navigate to 'Register' page
[2023-03-02 21:55:31,349] Register - Step 02: Enter to Firstname textbox with value is 'Automation'
[2023-03-02 21:55:32,364] Register - Step 03: Enter to Lastname textbox with value is 'FC'
[2023-03-02 21:55:33,197] Register - Step 04: Enter to Email textbox with value is 'afc2870@mail.vn'
[2023-03-02 21:55:33,372] Register - Step 05: Enter to Password textbox with value is '123456'
[2023-03-02 21:55:33,797] Register - Step 06: Enter to Confirm Password textbox with value is '123456'
[2023-03-02 21:55:34,063] Register - Step 07: Click to 'Register' button
[2023-03-02 21:55:35,767] Register - Step 08: Verify register success message is displayed
[2023-03-02 21:55:36,117] Login - Step 01: Navigate to login page
[2023-03-02 21:55:36,642] Login - Step 02: Enter to Email textbox with value is 'afc2870@mail.vn'
[2023-03-02 21:55:36,735] Login - Step 03: Enter to Password textbox with value is '123456'
[2023-03-02 21:55:36,864] Login - Step 04: Click to Login button
[2023-03-02 21:55:37,862] Login - Step 05: Verify 'My Account' link is displayed
[2023-03-03 14:44:47,926] Register - Step 01: Navigate to 'Register' page
[2023-03-03 14:44:49,035] Register - Step 02: Enter to Firstname textbox with value is 'Automation'
[2023-03-03 14:44:49,901] Register - Step 03: Enter to Lastname textbox with value is 'FC'
[2023-03-03 14:44:50,133] Register - Step 04: Enter to Email textbox with value is 'afc519@mail.vn'
[2023-03-03 14:44:50,342] Register - Step 05: Enter to Password textbox with value is '123456'
[2023-03-03 14:44:50,672] Register - Step 06: Enter to Confirm Password textbox with value is '123456'
[2023-03-03 14:44:51,596] Register - Step 07: Click to 'Register' button
[2023-03-03 14:44:53,642] Register - Step 08: Verify register success message is displayed
[2023-03-03 14:44:53,954] Login - Step 01: Navigate to login page
[2023-03-03 14:44:54,617] Login - Step 02: Enter to Email textbox with value is 'afc519@mail.vn'
[2023-03-03 14:44:54,776] Login - Step 03: Enter to Password textbox with value is '123456'
[2023-03-03 14:44:54,876] Login - Step 04: Click to Login button
[2023-03-03 14:44:55,680] Login - Step 05: Verify 'My Account' link is displayed
[2023-03-03 15:45:56,898] Register - Step 01: Navigate to 'Register' page
[2023-03-03 15:45:58,960] Register - Step 02: Enter to Firstname textbox with value is 'Automation'
[2023-03-03 15:45:59,930] Register - Step 03: Enter to Lastname textbox with value is 'FC'
[2023-03-03 15:46:00,114] Register - Step 04: Enter to Email textbox with value is 'afc2184@mail.vn'
[2023-03-03 15:46:00,285] Register - Step 05: Enter to Password textbox with value is '123456'
[2023-03-03 15:46:00,640] Register - Step 06: Enter to Confirm Password textbox with value is '123456'
[2023-03-03 15:46:01,777] Register - Step 07: Click to 'Register' button
[2023-03-03 15:46:03,254] Register - Step 08: Verify register success message is displayed
[2023-03-03 15:46:03,311] Login - Step 01: Click To Logout link
[2023-03-03 17:38:54,370] Register - Step 01: Navigate to 'Register' page
[2023-03-03 17:38:56,462] Register - Step 02: Enter to Firstname textbox with value is 'Automation'
[2023-03-03 17:38:57,544] Register - Step 03: Enter to Lastname textbox with value is 'FC'
[2023-03-03 17:38:57,716] Register - Step 04: Enter to Email textbox with value is 'afc7021@mail.vn'
[2023-03-03 17:38:57,888] Register - Step 05: Enter to Password textbox with value is '123456'
[2023-03-03 17:38:58,220] Register - Step 06: Enter to Confirm Password textbox with value is '123456'
[2023-03-03 17:38:58,544] Register - Step 07: Click to 'Register' button
[2023-03-03 17:39:00,576] Register - Step 08: Verify register success message is displayed
[2023-03-03 17:50:22,817] Register - Step 01: Navigate to 'Register' page
[2023-03-03 17:50:24,368] Register - Step 02: Enter to Firstname textbox with value is 'Automation'
[2023-03-03 17:50:25,510] Register - Step 03: Enter to Lastname textbox with value is 'FC'
[2023-03-03 17:50:25,737] Register - Step 04: Enter to Email textbox with value is 'afc8434@mail.vn'
[2023-03-03 17:50:25,872] Register - Step 05: Enter to Password textbox with value is '123456'
[2023-03-03 17:50:26,570] Register - Step 06: Enter to Confirm Password textbox with value is '123456'
[2023-03-03 17:50:27,437] Register - Step 07: Click to 'Register' button
[2023-03-03 17:50:28,904] Register - Step 08: Verify register success message is displayed
[2023-03-14 13:55:30,277] Login - Step 01: Navigate to login page
[2023-03-14 13:55:33,314] Login - Step 02: Enter to Email textbox with value is 'afc7470@mail.vn'
[2023-03-14 13:55:34,098] Login - Step 03: Enter to Password textbox with value is '123456'
[2023-03-14 13:55:34,424] Login - Step 04: Click to Login button
[2023-03-14 22:01:27,342] Pre-Condition - Step 01: Navigate to login page
[2023-03-14 22:17:12,151] Pre-Condition - Step 01: Navigate to login page
[2023-03-14 22:17:15,454] Pre-Condition - Step 02: Set Cookie and reload page
[2023-03-14 22:17:15,504] Pre-Condition - Step 03: Verify 'My Account' link is displayed
[2023-03-14 22:27:10,169] Pre-Condition - Step 01: Navigate to login page
[2023-03-14 22:27:14,824] Pre-Condition - Step 02: Set Cookie and reload page
[2023-03-14 22:27:14,882] Pre-Condition - Step 03: Verify 'My Account' link is displayed
[2023-03-14 23:04:08,661] Pre-Condition - Step 01: Navigate to login page
[2023-03-14 23:04:16,788] Pre-Condition - Step 02: Set Cookie and reload page
[2023-03-14 23:04:19,531] Pre-Condition - Step 03: Verify 'My Account' link is displayed
[2023-03-14 23:11:31,061] Pre-Condition - Step 01: Navigate to login page
[2023-03-14 23:11:36,324] Pre-Condition - Step 02: Set Cookie and reload page
[2023-03-14 23:11:39,392] Pre-Condition - Step 03: Verify 'My Account' link is displayed
[2023-03-15 09:21:05,068] Pre-Condition - Step 01: Navigate to login page
[2023-03-15 09:21:07,970] Pre-Condition - Step 02: Set Cookie and reload page
[2023-03-15 09:21:11,037] Pre-Condition - Step 03: Verify 'My Account' link is displayed
[2023-03-15 11:39:00,341] Pre-Condition - Step 01: Navigate to login page
[2023-03-15 11:39:02,786] Pre-Condition - Step 02: Set Cookie and reload page
[2023-03-15 11:39:05,849] Pre-Condition - Step 03: Verify 'My Account' link is displayed
[2023-03-15 11:40:43,926] Pre-Condition - Step 01: Navigate to login page
[2023-03-15 11:40:44,545] Pre-Condition - Step 02: Set Cookie and reload page
[2023-03-15 11:40:48,838] Pre-Condition - Step 03: Verify 'My Account' link is displayed
[2023-03-15 11:40:48,920]  -------------------------- PASSED -------------------------- 
[2023-03-15 11:43:55,107] Pre-Condition - Step 01: Navigate to login page
[2023-03-15 11:43:56,149] Pre-Condition - Step 02: Set Cookie and reload page
[2023-03-15 11:43:59,740] Pre-Condition - Step 03: Verify 'My Account' link is displayed
[2023-03-15 11:43:59,834]  -------------------------- PASSED -------------------------- 
[2023-03-15 11:51:35,171] Pre-Condition - Step 01: Navigate to login page
[2023-03-15 11:51:37,569] Pre-Condition - Step 01: Navigate to login page
[2023-03-15 11:51:47,011] Pre-Condition - Step 02: Set Cookie and reload page
[2023-03-15 11:51:47,153] Pre-Condition - Step 02: Set Cookie and reload page
[2023-03-15 11:51:50,392] Pre-Condition - Step 03: Verify 'My Account' link is displayed
[2023-03-15 11:51:50,393] Pre-Condition - Step 03: Verify 'My Account' link is displayed
[2023-03-15 11:51:51,628]  -------------------------- PASSED -------------------------- 
[2023-03-15 11:51:51,629]  -------------------------- PASSED -------------------------- 
[2023-03-16 23:56:07,735] Pre-Condition - Step 01: Navigate to 'Register' page
[2023-03-16 23:56:13,128] Pre-Condition - Step 02: Enter to Firstname textbox with value is 'null'
[2023-03-17 20:15:49,780] Pre-Condition - Step 01: Navigate to 'Register' page
[2023-03-17 20:15:55,207] Pre-Condition - Step 02: Enter to Firstname textbox with value is 'null'
[2023-03-17 20:20:43,637] Pre-Condition - Step 01: Navigate to 'Register' page
[2023-03-17 20:22:10,117] Pre-Condition - Step 02: Enter to Firstname textbox with value is 'null'
[2023-03-17 20:22:12,724] Pre-Condition - Step 01: Navigate to 'Register' page
[2023-03-17 20:27:15,470] Pre-Condition - Step 01: Navigate to 'Register' page
[2023-03-17 20:29:02,693] Pre-Condition - Step 02: Enter to Firstname textbox with value is 'null'
[2023-03-17 20:38:07,183] Pre-Condition - Step 01: Navigate to 'Register' page
[2023-03-17 20:38:12,589] Pre-Condition - Step 02: Enter to Firstname textbox with value is 'null'
[2023-03-17 20:44:54,348] Pre-Condition - Step 01: Navigate to 'Register' page
[2023-03-17 20:45:51,785] Pre-Condition - Step 02: Enter to Firstname textbox with value is 'null'
[2023-03-17 20:57:59,922] Pre-Condition - Step 01: Navigate to 'Register' page
[2023-03-17 20:58:01,271] Pre-Condition - Step 02: Enter to Firstname textbox with value is 'null'
[2023-03-19 14:02:24,211] Register - Step 01: Navigate to 'Register' page
[2023-03-19 14:02:26,468] Register - Step 02: Enter to Firstname textbox with value is 'Automation'
[2023-03-19 14:02:26,573] Register - Step 03: Enter to Lastname textbox with value is 'FC'
[2023-03-19 14:02:26,649] Register - Step 04: Enter to Email textbox with value is 'afc3686@mail.vn'
[2023-03-19 14:02:26,751] Register - Step 05: Enter to Password textbox with value is '123456'
[2023-03-19 14:02:26,829] Register - Step 06: Enter to Confirm Password textbox with value is '123456'
[2023-03-19 14:02:26,897] Register - Step 07: Click to 'Register' button
[2023-03-19 14:02:27,712] Register - Step 08: Verify register success message is displayed
[2023-03-19 14:02:27,797]  -------------------------- FAILED -------------------------- 
[2023-03-19 14:02:27,866] Login - Step 01: Navigate to login page
[2023-03-19 14:02:28,282] Login - Step 02: Enter to Email textbox with value is 'afc3686@mail.vn'
[2023-03-19 14:02:28,369] Login - Step 03: Enter to Password textbox with value is '123456'
[2023-03-19 14:02:28,453] Login - Step 04: Click to Login button
[2023-03-19 14:02:29,221] Login - Step 05: Verify 'My Account' link is displayed
[2023-03-19 14:02:29,299]  -------------------------- FAILED -------------------------- 
[2023-03-19 14:02:29,299] Login - Step 06: Navigate to 'My Account' page
[2023-03-19 14:02:29,766] Login - Step 07: Verify 'Customer Infor' page is displayed
[2023-03-19 14:02:29,859]  -------------------------- FAILED -------------------------- 
[2023-03-19 14:02:29,866] OS name = Mac OS X
[2023-03-19 14:02:29,867] Driver instance name = firefoxdriver: firefox on mac (36119c84-429b-42ec-9034-2a1fe38b1f25)
[2023-03-19 15:01:09,169] Register - Step 01: Navigate to 'Register' page
[2023-03-19 15:01:10,211] Register - Step 02: Enter to Firstname textbox with value is 'Automation'
[2023-03-19 15:01:10,281] Register - Step 03: Enter to Lastname textbox with value is 'FC'
[2023-03-19 15:01:11,123] Register - Step 04: Enter to Email textbox with value is 'afc1609@mail.vn'
[2023-03-19 15:01:11,201] Register - Step 05: Enter to Password textbox with value is '123456'
[2023-03-19 15:01:11,253] Register - Step 06: Enter to Confirm Password textbox with value is '123456'
[2023-03-19 15:01:21,335] Register - Step 07: Click to 'Register' button
[2023-03-19 15:01:22,187] Register - Step 08: Verify register success message is displayed
[2023-03-19 15:01:22,355] Login - Step 01: Navigate to login page
[2023-03-19 15:01:22,838] Login - Step 02: Enter to Email textbox with value is 'afc1609@mail.vn'
[2023-03-19 15:01:22,941] Login - Step 03: Enter to Password textbox with value is '123456'
[2023-03-19 15:01:23,015] Login - Step 04: Click to Login button
[2023-03-19 15:01:23,767] Login - Step 05: Verify 'My Account' link is displayed
[2023-03-19 15:01:23,851]  -------------------------- FAILED -------------------------- 
[2023-03-19 15:01:23,852] Login - Step 06: Navigate to 'My Account' page
[2023-03-19 15:01:24,285] Login - Step 07: Verify 'Customer Infor' page is displayed
[2023-03-19 15:01:24,381]  -------------------------- FAILED -------------------------- 
[2023-03-19 15:01:24,393] OS name = Mac OS X
[2023-03-19 15:01:24,393] Driver instance name = firefoxdriver: firefox on mac (00672a0d-248b-4c0c-9d8e-076c705e628d)
[2023-03-19 15:28:13,694] Register - Step 01: Navigate to 'Register' page
[2023-03-19 15:28:20,668] Register - Step 02: Enter to Firstname textbox with value is 'Automation'
[2023-03-19 15:28:20,745] Register - Step 03: Enter to Lastname textbox with value is 'FC'
[2023-03-19 15:28:21,653] Register - Step 04: Enter to Email textbox with value is 'afc9577@mail.vn'
[2023-03-19 15:28:21,730] Register - Step 05: Enter to Password textbox with value is '123456'
[2023-03-19 15:28:21,818] Register - Step 06: Enter to Confirm Password textbox with value is '123456'
[2023-03-19 15:28:31,874] Register - Step 07: Click to 'Register' button
[2023-03-19 15:28:33,256] Register - Step 08: Verify register success message is displayed
[2023-03-19 15:28:33,425] Login - Step 01: Navigate to login page
[2023-03-19 15:28:34,173] Login - Step 02: Enter to Email textbox with value is 'afc9577@mail.vn'
[2023-03-19 15:28:34,257] Login - Step 03: Enter to Password textbox with value is '123456'
[2023-03-19 15:28:34,317] Login - Step 04: Click to Login button
[2023-03-19 15:28:35,026] My Account - Step 01: Verify 'My Account' link is displayed
[2023-03-19 15:28:35,118]  -------------------------- FAILED -------------------------- 
[2023-03-19 15:28:35,119] My Account - Step 02: Navigate to 'My Account' page
[2023-03-19 15:28:35,475] My Account - Step 03: Verify 'Customer Infor' page is displayed
[2023-03-19 15:28:35,561]  -------------------------- PASSED -------------------------- 
[2023-03-19 15:28:35,561] My Account - Step 04: Verify 'First Name' is correctly
[2023-03-19 15:28:45,641] OS name = Mac OS X
[2023-03-19 15:28:45,641] Driver instance name = firefoxdriver: firefox on mac (d554b54d-1f0c-4b88-a08d-587f71d486cb)
[2023-03-19 15:37:58,782] Register - Step 01: Navigate to 'Register' page
[2023-03-19 15:37:59,866] Register - Step 02: Enter to Firstname textbox with value is 'Automation'
[2023-03-19 15:37:59,940] Register - Step 03: Enter to Lastname textbox with value is 'FC'
[2023-03-19 15:38:00,789] Register - Step 04: Enter to Email textbox with value is 'afc1737@mail.vn'
[2023-03-19 15:38:00,870] Register - Step 05: Enter to Password textbox with value is '123456'
[2023-03-19 15:38:00,947] Register - Step 06: Enter to Confirm Password textbox with value is '123456'
[2023-03-19 15:38:01,005] Register - Step 07: Click to 'Register' button
[2023-03-19 15:38:01,856] Register - Step 08: Verify register success message is displayed
[2023-03-19 15:38:02,017] Login - Step 01: Navigate to login page
[2023-03-19 15:38:02,496] Login - Step 02: Enter to Email textbox with value is 'afc1737@mail.vn'
[2023-03-19 15:38:02,587] Login - Step 03: Enter to Password textbox with value is '123456'
[2023-03-19 15:38:02,648] Login - Step 04: Click to Login button
[2023-03-19 15:38:03,370] My Account - Step 01: Verify 'My Account' link is displayed
[2023-03-19 15:38:03,453]  -------------------------- FAILED -------------------------- 
[2023-03-19 15:38:03,454] My Account - Step 02: Navigate to 'My Account' page
[2023-03-19 15:38:03,907] My Account - Step 03: Verify 'Customer Infor' page is displayed
[2023-03-19 15:38:04,004]  -------------------------- PASSED -------------------------- 
[2023-03-19 15:38:04,004] My Account - Step 04: Verify 'First Name' is correctly
[2023-03-19 15:38:14,086] OS name = Mac OS X
[2023-03-19 15:38:14,086] Driver instance name = firefoxdriver: firefox on mac (7622d997-2682-412f-9866-0ffcf3ecb569)
[2023-03-19 15:51:00,974] Register - Step 01: Navigate to 'Register' page
[2023-03-19 15:51:03,259] Register - Step 02: Enter to Firstname textbox with value is 'Automation'
[2023-03-19 15:51:03,328] Register - Step 03: Enter to Lastname textbox with value is 'FC'
[2023-03-19 15:51:04,173] Register - Step 04: Enter to Email textbox with value is 'afc1600@mail.vn'
[2023-03-19 15:51:04,252] Register - Step 05: Enter to Password textbox with value is '123456'
[2023-03-19 15:51:04,319] Register - Step 06: Enter to Confirm Password textbox with value is '123456'
[2023-03-19 15:51:04,369] Register - Step 07: Click to 'Register' button
[2023-03-19 15:51:06,099] Register - Step 08: Verify register success message is displayed
[2023-03-19 15:51:06,270] Login - Step 01: Navigate to login page
[2023-03-19 15:51:06,721] Login - Step 02: Enter to Email textbox with value is 'afc1600@mail.vn'
[2023-03-19 15:51:06,808] Login - Step 03: Enter to Password textbox with value is '123456'
[2023-03-19 15:51:06,864] Login - Step 04: Click to Login button
[2023-03-19 15:51:07,909] My Account - Step 01: Verify 'My Account' link is displayed
[2023-03-19 15:51:07,968]  -------------------------- FAILED -------------------------- 
[2023-03-19 15:51:07,969] My Account - Step 02: Navigate to 'My Account' page
[2023-03-19 15:51:08,471] My Account - Step 03: Verify 'Customer Infor' page is displayed
[2023-03-19 15:51:08,545]  -------------------------- PASSED -------------------------- 
[2023-03-19 15:51:08,546] My Account - Step 04: Verify 'First Name' is correctly
[2023-03-19 15:51:08,578] My Account - Step 05: Verify 'Last Name' is correctly
[2023-03-19 15:51:08,603] My Account - Step 06: Verify 'Email' is correctly
[2023-03-19 15:51:08,642] OS name = Mac OS X
[2023-03-19 15:51:08,643] Driver instance name = firefoxdriver: firefox on mac (d092ffdc-0e44-4173-9859-14fab919495b)
[2023-04-01 17:24:42,083] Register - Step 01: Navigate to 'Register' page
[2023-04-01 17:24:43,505] Register - Step 02: Enter to Firstname textbox with value is 'Automation'
[2023-04-01 17:24:43,583] Register - Step 03: Enter to Lastname textbox with value is 'FC'
[2023-04-01 17:24:44,412] Register - Step 04: Enter to Email textbox with value is 'afc5270@mail.vn'
[2023-04-01 17:24:44,496] Register - Step 05: Enter to Password textbox with value is '123456'
[2023-04-01 17:24:44,581] Register - Step 06: Enter to Confirm Password textbox with value is '123456'
[2023-04-01 17:24:44,633] Register - Step 07: Click to 'Register' button
[2023-04-01 17:24:45,339] Register - Step 08: Verify register success message is displayed
[2023-04-01 17:24:45,466] Login - Step 01: Navigate to login page
[2023-04-01 17:24:45,967] Login - Step 02: Enter to Email textbox with value is 'afc5270@mail.vn'
[2023-04-01 17:24:46,069] Login - Step 03: Enter to Password textbox with value is '123456'
[2023-04-01 17:24:46,132] Login - Step 04: Click to Login button
[2023-04-01 17:24:46,821] My Account - Step 01: Verify 'My Account' link is displayed
[2023-04-01 17:24:46,896]  -------------------------- FAILED -------------------------- 
[2023-04-01 17:24:46,896] My Account - Step 02: Navigate to 'My Account' page
[2023-04-01 17:24:47,322] My Account - Step 03: Verify 'Customer Infor' page is displayed
[2023-04-01 17:24:47,392]  -------------------------- PASSED -------------------------- 
[2023-04-01 17:24:47,392] My Account - Step 04: Verify 'First Name' is correctly
[2023-04-01 17:24:47,417] My Account - Step 05: Verify 'Last Name' is correctly
[2023-04-01 17:24:47,441] My Account - Step 06: Verify 'Email' is correctly
[2023-04-01 17:24:47,468] OS name = Mac OS X
[2023-04-01 17:24:47,468] Driver instance name = firefoxdriver: firefox on mac (f1d354b5-6902-437f-81ae-9bda525bb721)
[2023-04-04 17:26:30,654] Pre-Condition - Step 01: Navigate to login page
[2023-04-04 17:26:31,786] Pre-Condition - Step 02: Set Cookie and reload page
[2023-04-04 17:29:38,563] Pre-Condition - Step 01: Navigate to login page
[2023-04-04 17:29:40,571] Pre-Condition - Step 02: Set Cookie and reload page
[2023-04-04 17:34:43,559] Login - Step 01: Navigate to login page
[2023-04-04 17:34:47,719] Login - Step 02: Enter to Email textbox with value is 'afc4196@mail.vn'
[2023-04-04 17:34:47,809] Login - Step 03: Enter to Password textbox with value is '123456'
[2023-04-04 17:34:47,907] Login - Step 04: Click to Login button
[2023-06-03 19:08:15,710] Register - Step 01: Navigate to 'Register' page
[2023-06-03 19:08:19,223] Register - Step 02: Enter to Firstname textbox with value is 'Automation'
[2023-06-03 19:08:20,426] Register - Step 03: Enter to Lastname textbox with value is 'FC'
[2023-06-03 19:08:21,308] Register - Step 04: Enter to Email textbox with value is 'afc6658@mail.vn'
[2023-06-03 19:08:21,597] Register - Step 05: Enter to Password textbox with value is '123456'
[2023-06-03 19:08:21,840] Register - Step 06: Enter to Confirm Password textbox with value is '123456'
[2023-06-03 19:08:22,042] Register - Step 07: Click to 'Register' button
[2023-06-03 19:08:23,997] Register - Step 08: Verify register success message is displayed
[2023-06-03 19:08:24,157]  -------------------------- FAILED -------------------------- 
[2023-06-03 19:08:24,222] Login - Step 01: Navigate to login page
[2023-06-03 19:08:26,778] Login - Step 02: Enter to Email textbox with value is 'afc6658@mail.vn'
[2023-06-03 19:08:27,156] Login - Step 03: Enter to PasswGiá Như Chưa Từng Quenord textbox with value is '123456'
[2023-06-03 19:08:27,579] Login - Step 04: Click to Login button
[2023-06-03 19:08:28,782] Login - Step 05: Verify 'My Account' link is displayed
[2023-06-03 19:08:28,882]  -------------------------- FAILED -------------------------- 
[2023-06-03 19:08:28,882] Login - Step 06: Navigate to 'My Account' page
[2023-06-03 19:08:29,820] Login - Step 07: Verify 'Customer Infor' page is displayed
[2023-06-03 19:08:29,917]  -------------------------- FAILED -------------------------- 
[2023-06-03 19:10:09,162] Register - Step 01: Navigate to 'Register' page
[2023-06-03 19:10:11,899] Register - Step 02: Enter to Firstname textbox with value is 'Automation'
[2023-06-03 19:10:12,981] Register - Step 03: Enter to Lastname textbox with value is 'FC'
[2023-06-03 19:10:13,830] Register - Step 04: Enter to Email textbox with value is 'afc1573@mail.vn'
[2023-06-03 19:10:14,115] Register - Step 05: Enter to Password textbox with value is '123456'
[2023-06-03 19:10:14,341] Register - Step 06: Enter to Confirm Password textbox with value is '123456'
[2023-06-03 19:10:14,614] Register - Step 07: Click to 'Register' button
[2023-06-03 19:10:16,484] Register - Step 08: Verify register success message is displayed
[2023-06-03 19:10:16,642]  -------------------------- PASSED -------------------------- 
[2023-06-03 19:10:16,700] Login - Step 01: Navigate to login page
[2023-06-03 19:10:17,286] Login - Step 02: Enter to Email textbox with value is 'afc1573@mail.vn'
[2023-06-03 19:10:17,398] Login - Step 03: Enter to PasswGiá Như Chưa Từng Quenord textbox with value is '123456'
[2023-06-03 19:10:17,622] Login - Step 04: Click to Login button
[2023-06-03 19:10:20,874] Login - Step 05: Verify 'My Account' link is displayed
[2023-06-03 19:10:21,104]  -------------------------- FAILED -------------------------- 
[2023-06-03 19:10:21,104] Login - Step 06: Navigate to 'My Account' page
[2023-06-03 19:10:25,697] Login - Step 07: Verify 'Customer Infor' page is displayed
[2023-06-03 19:10:25,812]  -------------------------- FAILED -------------------------- 
[2023-06-07 23:07:49,835] Register - Step 01: Navigate to 'Register' page
[2023-06-07 23:07:50,952] Register - Step 02: Enter to Firstname textbox with value is 'Automation'
[2023-06-07 23:07:51,361] Register - Step 03: Enter to Lastname textbox with value is 'FC'
[2023-06-07 23:07:51,429] Register - Step 04: Enter to Email textbox with value is 'afc4401@mail.vn'
[2023-06-07 23:07:51,514] Register - Step 05: Enter to Password textbox with value is '123456'
[2023-06-07 23:07:51,599] Register - Step 06: Enter to Confirm Password textbox with value is '123456'
[2023-06-07 23:07:51,659] Register - Step 07: Click to 'Register' button
[2023-06-07 23:07:52,477] Register - Step 08: Verify register success message is displayed
[2023-06-07 23:07:52,516]  -------------------------- PASSED -------------------------- 
[2023-06-07 23:07:52,566] Login - Step 01: Navigate to login page
[2023-06-07 23:07:52,916] Login - Step 02: Enter to Email textbox with value is 'afc4401@mail.vn'
[2023-06-07 23:07:52,993] Login - Step 03: Enter to PasswGiá Như Chưa Từng Quenord textbox with value is '123456'
[2023-06-07 23:07:53,052] Login - Step 04: Click to Login button
[2023-06-07 23:07:53,687] Login - Step 05: Verify 'My Account' link is displayed
[2023-06-07 23:07:53,714]  -------------------------- FAILED -------------------------- 
[2023-06-07 23:07:53,714] Login - Step 06: Navigate to 'My Account' page
[2023-06-07 23:07:54,209] Login - Step 07: Verify 'Customer Infor' page is displayed
[2023-06-07 23:07:54,243]  -------------------------- FAILED -------------------------- 
[2023-06-07 23:09:20,071] Register - Step 01: Navigate to 'Register' page
[2023-06-07 23:09:21,043] Register - Step 02: Enter to Firstname textbox with value is 'Automation'
[2023-06-07 23:09:21,332] Register - Step 03: Enter to Lastname textbox with value is 'FC'
[2023-06-07 23:09:21,394] Register - Step 04: Enter to Email textbox with value is 'afc3738@mail.vn'
[2023-06-07 23:09:21,460] Register - Step 05: Enter to Password textbox with value is '123456'
[2023-06-07 23:09:21,533] Register - Step 06: Enter to Confirm Password textbox with value is '123456'
[2023-06-07 23:09:21,596] Register - Step 07: Click to 'Register' button
[2023-06-07 23:09:22,460] Register - Step 08: Verify register success message is displayed
[2023-06-07 23:09:22,499]  -------------------------- PASSED -------------------------- 
[2023-06-07 23:09:22,553] Login - Step 01: Navigate to login page
[2023-06-07 23:09:22,931] Login - Step 02: Enter to Email textbox with value is 'afc3738@mail.vn'
[2023-06-07 23:09:23,019] Login - Step 03: Enter to PasswGiá Như Chưa Từng Quenord textbox with value is '123456'
[2023-06-07 23:09:23,098] Login - Step 04: Click to Login button
[2023-06-07 23:09:23,796] Login - Step 05: Verify 'My Account' link is displayed
[2023-06-07 23:09:23,836]  -------------------------- PASSED -------------------------- 
[2023-06-07 23:09:23,836] Login - Step 06: Navigate to 'My Account' page
[2023-06-07 23:09:24,626] Login - Step 07: Verify 'Customer Infor' page is displayed
[2023-06-07 23:09:24,661]  -------------------------- PASSED -------------------------- 
[2023-06-07 23:12:30,636] Register - Step 01: Navigate to 'Register' page
[2023-06-07 23:12:30,699] Register - Step 02: Enter to Firstname textbox with value is 'Automation'
[2023-06-07 23:12:31,830] Register - Step 03: Enter to Lastname textbox with value is 'FC'
[2023-06-07 23:12:31,918] Register - Step 04: Enter to Email textbox with value is 'afc5649@mail.vn'
[2023-06-07 23:12:32,182] Register - Step 05: Enter to Password textbox with value is '123456'
[2023-06-07 23:12:32,282] Register - Step 06: Enter to Confirm Password textbox with value is '123456'
[2023-06-07 23:12:32,379] Register - Step 07: Click to 'Register' button
[2023-06-07 23:12:32,439] Register - Step 08: Verify register success message is displayed
[2023-06-07 23:12:33,585]  -------------------------- PASSED -------------------------- 
[2023-06-07 23:12:33,631] Login - Step 01: Navigate to login page
[2023-06-07 23:12:33,662] Login - Step 02: Enter to Email textbox with value is 'afc5649@mail.vn'
[2023-06-07 23:12:34,693] Login - Step 03: Enter to PasswGiá Như Chưa Từng Quenord textbox with value is '123456'
[2023-06-07 23:12:34,806] Login - Step 04: Click to Login button
[2023-06-07 23:12:34,846] Login - Step 05: Verify 'My Account' link is displayed
[2023-06-07 23:12:36,152]  -------------------------- PASSED -------------------------- 
[2023-06-07 23:12:36,152] Login - Step 06: Navigate to 'My Account' page
[2023-06-07 23:12:36,222] Login - Step 07: Verify 'Customer Infor' page is displayed
[2023-06-07 23:12:37,080]  -------------------------- PASSED -------------------------- 
[2023-07-01 16:51:47,539] OS name = Mac OS X
[2023-07-01 16:51:47,540] Driver instance name = safaridriver: safari on mac (9facbf14-3c31-428a-9cf2-8c444010b7bd)
[2023-07-01 16:54:22,933] Register - Step 01: Navigate to 'Register' page
[2023-07-01 16:54:24,084] Register - Step 02: Enter to Firstname textbox with value is 'Melva'
[2023-07-01 16:54:24,263] Register - Step 03: Enter to Lastname textbox with value is 'Hane'
[2023-07-01 16:54:24,498] Register - Step 04: Enter to Email textbox with value is 'burl.gleason@gmail.com'
[2023-07-01 16:54:24,836] Register - Step 05: Enter to Password textbox with value is 'pac51vD!V&v'
[2023-07-01 16:54:24,990] Register - Step 06: Enter to Confirm Password textbox with value is 'pac51vD!V&v'
[2023-07-01 16:54:25,128] Register - Step 07: Click to 'Register' button
[2023-07-01 16:54:25,172] Register - Step 08: Verify register success message is displayed
[2023-07-01 16:54:26,559] Login - Step 01: Navigate to login page
[2023-07-01 16:54:26,592] Login - Step 02: Enter to Email textbox with value is 'burl.gleason@gmail.com'
[2023-07-01 16:54:27,693] Login - Step 03: Enter to Password textbox with value is 'pac51vD!V&v'
[2023-07-01 16:54:27,849] Login - Step 04: Click to Login button
[2023-07-01 16:54:27,901] My Account - Step 01: Verify 'My Account' link is displayed
[2023-07-01 16:54:29,135]  -------------------------- FAILED -------------------------- 
[2023-07-01 16:54:29,136] My Account - Step 02: Navigate to 'My Account' page
[2023-07-01 16:54:29,186] My Account - Step 03: Verify 'Customer Infor' page is displayed
[2023-07-01 16:54:30,138]  -------------------------- PASSED -------------------------- 
[2023-07-01 16:54:30,138] My Account - Step 04: Verify 'First Name' is correctly
[2023-07-01 16:54:30,184] My Account - Step 05: Verify 'Last Name' is correctly
[2023-07-01 16:54:30,217] My Account - Step 06: Verify 'Email' is correctly
[2023-07-01 16:54:30,254] OS name = Mac OS X
[2023-07-01 16:54:30,254] Driver instance name = safaridriver: safari on mac (fece926f-f834-41aa-be0f-8294890482d2)
[2023-07-06 23:06:42,830] Register - Step 01: Navigate to 'Register' page
[2023-07-06 23:06:44,297] Register - Step 02: Enter to Firstname textbox with value is 'Thao'
[2023-07-06 23:06:44,578] Register - Step 03: Enter to Lastname textbox with value is 'Nguyen'
[2023-07-06 23:06:44,824] Login - Step 01: Navigate to login page
[2023-07-06 23:06:44,876] Login - Step 02: Enter to Email textbox with value is 'fc@gmail.vn3675@gmail.com'
[2023-07-06 23:06:44,932] Login - Step 03: Enter to Password textbox with value is '123456'
[2023-07-06 23:06:44,980] Login - Step 04: Click to Login button
[2023-07-06 23:06:45,801] OS name = Mac OS X
[2023-07-06 23:06:45,801] Driver instance name = safaridriver: safari on mac (b5916ff5-b735-402e-b363-bf2e4ae278c7)
[2023-07-06 23:08:28,321] Register - Step 01: Navigate to 'Register' page
[2023-07-06 23:08:29,355] Register - Step 02: Enter to Firstname textbox with value is 'Thao'
[2023-07-06 23:08:29,548] Register - Step 03: Enter to Lastname textbox with value is 'Nguyen'
[2023-07-06 23:08:29,835] Register - Step 04: Enter to Email textbox with value is 'fc@gmail.vn7071@gmail.com'
[2023-07-06 23:08:30,212] Register - Step 05: Enter to Password textbox with value is '123456'
[2023-07-06 23:08:30,367] Register - Step 06: Enter to Confirm Password textbox with value is '123456'
[2023-07-06 23:08:30,480] Register - Step 07: Click to 'Register' button
[2023-07-06 23:08:30,554] Register - Step 08: Verify register success message is displayed
[2023-07-06 23:09:44,107] OS name = Mac OS X
[2023-07-06 23:09:44,109] 
[2023-07-06 23:10:13,869] OS name = Mac OS X
[2023-07-06 23:10:13,872] 
[2023-07-06 23:11:00,620] OS name = Mac OS X
[2023-07-06 23:11:00,621] 
[2023-07-06 23:12:15,664] Register - Step 01: Navigate to 'Register' page
[2023-07-06 23:12:18,926] Register - Step 02: Enter to Firstname textbox with value is 'Thao'
[2023-07-06 23:12:19,681] Register - Step 03: Enter to Lastname textbox with value is 'Nguyen'
[2023-07-06 23:12:20,994] Register - Step 04: Enter to Email textbox with value is 'fc5652@gmail.com'
[2023-07-06 23:12:22,338] Register - Step 05: Enter to Password textbox with value is '123456'
[2023-07-06 23:12:23,558] Register - Step 06: Enter to Confirm Password textbox with value is '123456'
[2023-07-06 23:12:23,786] Register - Step 07: Click to 'Register' button
[2023-07-06 23:12:27,039] Register - Step 08: Verify register success message is displayed
[2023-07-06 23:12:27,282] Login - Step 01: Navigate to login page
[2023-07-06 23:12:29,839] Login - Step 02: Enter to Email textbox with value is 'fc5652@gmail.com'
[2023-07-06 23:12:30,367] Login - Step 03: Enter to Password textbox with value is '123456'
[2023-07-06 23:12:30,865] Login - Step 04: Click to Login button
[2023-07-06 23:12:32,117] OS name = Mac OS X
[2023-07-06 23:12:32,117] Driver instance name = chromedriver: chrome on mac (44e147c806f83236abfe9d7ee5fae8e5)
